{"time":"2026-03-21 14:55:13","stage":"fund_transfer_request","payload":{"customer_id":5,"transfer_type":"another_account","from_account":"SA-2026-0001","recipient_number":"SA-9506-2026","recipient_name":"Kha Kho","amount":"100"}}
{"time":"2026-03-21 14:55:13","stage":"model.validateRecipient.query_result","payload":{"recipient_number":"SA-9506-2026","recipient_name":"Kha Kho","db_result":{"account_number":"SA-9506-2026","first_name":"Kha","middle_name":"Khe","last_name":"Kho","customer_id":20}}}
{"time":"2026-03-21 14:55:13","stage":"model.validateRecipient.name_compare","payload":{"entered_name":"kha kho","full_name_with_middle":"kha khe kho","full_name_no_middle":"kha kho","stored_first":"kha","stored_last_core":"kho","entered_tokens":["kha","kho"],"entered_has_first":true,"entered_has_last_core":true}}
{"time":"2026-03-21 14:55:13","stage":"model.validateRecipient.success","payload":{"customer_id":20,"account_number":"SA-9506-2026"}}
{"time":"2026-03-21 14:55:13","stage":"recipient_validation_result","payload":{"input_recipient_number":"SA-9506-2026","input_recipient_name":"Kha Kho","result":{"status":true,"customer_id":20,"account_number":"SA-9506-2026"}}}
{"time":"2026-03-21 14:55:13","stage":"fund_transfer_computed","payload":{"fee":15,"total":115,"available_balance":"5850.00","from_account_error":"","to_account_error":"","recipient_number_error":"","recipient_name_error":"","amount_error":"","other_error":""}}
{"time":"2026-03-21 14:55:13","stage":"fund_transfer_passed_validation","payload":{"transfer_type":"another_account","from_account":"SA-2026-0001","recipient_number":"SA-9506-2026","amount":100}}
{"time":"2026-03-21 14:55:16","stage":"model.validateRecipient.query_result","payload":{"recipient_number":"SA-9506-2026","recipient_name":"Kha Kho","db_result":{"account_number":"SA-9506-2026","first_name":"Kha","middle_name":"Khe","last_name":"Kho","customer_id":20}}}
{"time":"2026-03-21 14:55:16","stage":"model.validateRecipient.name_compare","payload":{"entered_name":"kha kho","full_name_with_middle":"kha khe kho","full_name_no_middle":"kha kho","stored_first":"kha","stored_last_core":"kho","entered_tokens":["kha","kho"],"entered_has_first":true,"entered_has_last_core":true}}
{"time":"2026-03-21 14:55:16","stage":"model.validateRecipient.success","payload":{"customer_id":20,"account_number":"SA-9506-2026"}}
{"time":"2026-03-21 14:55:58","stage":"fund_transfer_request","payload":{"customer_id":5,"transfer_type":"another_account","from_account":"SA-2026-0001","recipient_number":"SA-7134-2026","recipient_name":"Vennidict Cruz","amount":"100"}}
{"time":"2026-03-21 14:55:58","stage":"model.validateRecipient.query_result","payload":{"recipient_number":"SA-7134-2026","recipient_name":"Vennidict Cruz","db_result":false}}
{"time":"2026-03-21 14:55:58","stage":"model.validateRecipient.failed","payload":{"reason":"account_not_found_or_inactive"}}
{"time":"2026-03-21 14:55:58","stage":"recipient_validation_result","payload":{"input_recipient_number":"SA-7134-2026","input_recipient_name":"Vennidict Cruz","result":{"status":false,"error":"Invalid Account Number"}}}
{"time":"2026-03-21 14:55:58","stage":"fund_transfer_computed","payload":{"fee":15,"total":115,"available_balance":"5735.00","from_account_error":"","to_account_error":"","recipient_number_error":"Invalid recipient account number or account name","recipient_name_error":"Invalid recipient account number or account name","amount_error":"","other_error":""}}
{"time":"2026-03-21 14:55:58","stage":"fund_transfer_failed_validation","payload":{"errors":{"from_account_error":"","to_account_error":"","recipient_number_error":"Invalid recipient account number or account name","recipient_name_error":"Invalid recipient account number or account name","amount_error":"","message_error":"","other_error":"","bank_name_error":"","bank_account_number_error":"","bank_account_name_error":""}}}
{"time":"2026-03-21 14:58:45","stage":"fund_transfer_request","payload":{"customer_id":5,"transfer_type":"another_account","from_account":"SA-2026-0001","recipient_number":"SA-7134-2026","recipient_name":"Vennidict Cruz","amount":"100"}}
{"time":"2026-03-21 14:58:45","stage":"model.validateRecipient.query_result","payload":{"recipient_number":"SA-7134-2026","recipient_name":"Vennidict Cruz","db_result":{"account_number":"SA-7134-2026","first_name":"Vennidict","middle_name":"Dima","last_name":"Cruz","customer_id":17}}}
{"time":"2026-03-21 14:58:45","stage":"model.validateRecipient.name_compare","payload":{"entered_name":"vennidict cruz","full_name_with_middle":"vennidict dima cruz","full_name_no_middle":"vennidict cruz","stored_first":"vennidict","stored_last_core":"cruz","entered_tokens":["vennidict","cruz"],"entered_has_first":true,"entered_has_last_core":true}}
{"time":"2026-03-21 14:58:45","stage":"model.validateRecipient.success","payload":{"customer_id":17,"account_number":"SA-7134-2026"}}
{"time":"2026-03-21 14:58:45","stage":"recipient_validation_result","payload":{"input_recipient_number":"SA-7134-2026","input_recipient_name":"Vennidict Cruz","result":{"status":true,"customer_id":17,"account_number":"SA-7134-2026"}}}
{"time":"2026-03-21 14:58:45","stage":"fund_transfer_computed","payload":{"fee":15,"total":115,"available_balance":"5735.00","from_account_error":"","to_account_error":"","recipient_number_error":"","recipient_name_error":"","amount_error":"","other_error":""}}
{"time":"2026-03-21 14:58:45","stage":"fund_transfer_passed_validation","payload":{"transfer_type":"another_account","from_account":"SA-2026-0001","recipient_number":"SA-7134-2026","amount":100}}
{"time":"2026-03-21 14:58:48","stage":"model.validateRecipient.query_result","payload":{"recipient_number":"SA-7134-2026","recipient_name":"Vennidict Cruz","db_result":{"account_number":"SA-7134-2026","first_name":"Vennidict","middle_name":"Dima","last_name":"Cruz","customer_id":17}}}
{"time":"2026-03-21 14:58:48","stage":"model.validateRecipient.name_compare","payload":{"entered_name":"vennidict cruz","full_name_with_middle":"vennidict dima cruz","full_name_no_middle":"vennidict cruz","stored_first":"vennidict","stored_last_core":"cruz","entered_tokens":["vennidict","cruz"],"entered_has_first":true,"entered_has_last_core":true}}
{"time":"2026-03-21 14:58:48","stage":"model.validateRecipient.success","payload":{"customer_id":17,"account_number":"SA-7134-2026"}}
